{"level":"error","timestamp":"2018-07-06T06:33:20.123Z"}
{"level":"error","timestamp":"2018-07-06T06:33:33.900Z"}
{"level":"error","timestamp":"2018-07-06T06:33:37.530Z"}
{"level":"error","timestamp":"2018-07-06T06:33:40.245Z"}
{"level":"error","timestamp":"2018-07-06T06:33:43.579Z"}
{"level":"error","timestamp":"2018-07-06T06:34:45.758Z"}
{"level":"error","timestamp":"2018-07-06T06:39:08.679Z"}
{"level":"error","timestamp":"2018-07-06T06:39:10.076Z"}
{"level":"error","timestamp":"2018-07-06T06:39:12.554Z"}
{"level":"error","timestamp":"2018-07-06T06:39:14.743Z"}
{"level":"error","timestamp":"2018-07-06T06:39:17.752Z"}
{"level":"error","timestamp":"2018-07-06T06:39:19.140Z"}
{"level":"error","timestamp":"2018-07-06T06:39:22.070Z"}
{"level":"error","timestamp":"2018-07-06T06:39:24.568Z"}
{"level":"error","timestamp":"2018-07-06T06:40:27.573Z"}
{"level":"error","timestamp":"2018-07-06T06:41:53.445Z"}
{"level":"error","timestamp":"2018-07-06T08:14:52.111Z"}
{"level":"error","timestamp":"2018-07-06T08:14:53.386Z"}
{"level":"error","timestamp":"2018-07-06T08:15:13.583Z"}
{"level":"error","timestamp":"2018-07-06T08:18:03.854Z"}
{"level":"error","timestamp":"2018-07-06T08:18:20.568Z"}
{"level":"error","timestamp":"2018-07-06T08:18:21.619Z"}
{"level":"error","timestamp":"2018-07-06T08:18:57.750Z"}
{"level":"error","timestamp":"2018-07-06T08:28:51.540Z"}
{"level":"error","timestamp":"2018-07-06T08:28:57.795Z"}
{"level":"error","timestamp":"2018-07-06T08:28:57.798Z"}
{"level":"error","timestamp":"2018-07-06T08:29:09.482Z"}
{"level":"error","timestamp":"2018-07-06T08:29:09.483Z"}
{"level":"error","timestamp":"2018-07-06T08:29:10.525Z"}
{"level":"error","timestamp":"2018-07-06T08:29:10.526Z"}
{"level":"info","message":"MongoDB connected ...","timestamp":"2018-07-18T18:48:36.149Z"}
{"level":"info","message":"MongoDB connected ...","timestamp":"2018-07-18T18:49:09.120Z"}
{"level":"info","message":"MongoDB connected ...","timestamp":"2018-07-18T18:49:27.310Z"}
{"level":"info","message":"MongoDB connected ...","timestamp":"2018-07-18T18:52:21.105Z"}
{"level":"info","message":"MongoDB connected ...","timestamp":"2018-07-18T18:52:51.945Z"}
{"level":"info","message":"MongoDB connected ...","timestamp":"2018-07-18T18:53:23.349Z"}
{"level":"info","message":"MongoDB connected ...","timestamp":"2018-07-18T18:54:48.481Z"}
{"level":"info","message":"MongoDB connected ...","timestamp":"2018-07-18T18:56:17.150Z"}
{"level":"info","message":"Listening on PORT : 3000","timestamp":"2018-07-18T18:56:17.222Z"}
{"level":"info","message":"MongoDB connected ...","timestamp":"2018-07-18T18:56:29.745Z"}
{"level":"info","message":"Listening on PORT : 3000","timestamp":"2018-07-18T18:56:29.775Z"}
{"level":"info","message":"MongoDB connected ...","timestamp":"2018-07-18T18:56:54.264Z"}
{"level":"info","message":"Listening on PORT : 3000","timestamp":"2018-07-18T18:56:54.296Z"}
{"level":"info","message":"MongoDB connected ...","timestamp":"2018-07-18T20:18:05.236Z"}
{"level":"info","message":"MongoDB connected ...","timestamp":"2018-07-18T20:18:19.395Z"}
{"level":"info","message":"MongoDB connected ...","timestamp":"2018-07-18T20:18:28.670Z"}
{"level":"info","message":"MongoDB connected ...","timestamp":"2018-07-18T20:18:39.229Z"}
{"level":"info","message":"MongoDB connected ...","timestamp":"2018-07-18T20:19:43.792Z"}
{"level":"info","message":"Listening on PORT : 3000","timestamp":"2018-07-18T20:19:43.915Z"}
{"level":"info","message":"MongoDB connected ...","timestamp":"2018-07-18T20:25:55.477Z"}
{"level":"info","message":"Listening on PORT : 3000","timestamp":"2018-07-18T20:25:55.507Z"}
{"level":"info","message":"MongoDB connected ...","timestamp":"2018-07-18T20:34:30.376Z"}
{"level":"info","message":"Listening on PORT : 3000","timestamp":"2018-07-18T20:34:30.406Z"}
{"level":"info","message":"MongoDB connected ...","timestamp":"2018-07-18T20:39:40.333Z"}
{"level":"info","message":"Listening on PORT : 3000","timestamp":"2018-07-18T20:39:40.362Z"}
{"level":"info","message":"MongoDB connected ...","timestamp":"2018-07-18T20:47:16.768Z"}
{"level":"info","message":"MongoDB connected ...","timestamp":"2018-07-18T20:47:31.504Z"}
{"level":"info","message":"MongoDB connected ...","timestamp":"2018-07-19T08:45:56.643Z"}
{"level":"info","message":"MongoDB connected ...","timestamp":"2018-07-19T08:46:47.475Z"}
{"level":"info","message":"Listening on PORT : 3000","timestamp":"2018-07-19T08:46:48.208Z"}
{"level":"info","message":"MongoDB connected ...","timestamp":"2018-07-22T05:12:18.629Z"}
{"level":"info","message":"MongoDB connected ...","timestamp":"2018-08-02T13:49:44.635Z"}
{"level":"info","message":"Listening on PORT : 3000","timestamp":"2018-08-02T13:49:45.343Z"}
{"level":"info","message":"MongoDB connected ...","timestamp":"2018-12-15T13:26:16.114Z"}
{"level":"info","message":"MongoDB connected ...","timestamp":"2018-12-15T13:26:52.821Z"}
{"level":"info","message":"Listening on PORT : 3000","timestamp":"2018-12-15T13:26:53.485Z"}
{"level":"info","message":"MongoDB connected ...","timestamp":"2018-12-15T13:27:19.591Z"}
{"level":"info","message":"Listening on PORT : 3000","timestamp":"2018-12-15T13:27:19.629Z"}
{"level":"info","message":"MongoDB connected ...","timestamp":"2018-12-16T17:27:24.322Z"}
{"level":"info","message":"Listening on PORT : 3000","timestamp":"2018-12-16T17:27:24.386Z"}
{"level":"info","message":"MongoDB connected ...","timestamp":"2018-12-16T18:56:59.668Z"}
{"level":"info","message":"MongoDB connected ...","timestamp":"2018-12-16T18:57:12.381Z"}
{"level":"info","message":"MongoDB connected ...","timestamp":"2018-12-16T18:58:20.292Z"}
{"level":"info","message":"MongoDB connected ...","timestamp":"2018-12-16T18:58:30.844Z"}
{"level":"info","message":"Listening on PORT : 3000","timestamp":"2018-12-16T18:58:31.268Z"}
{"expose":true,"statusCode":400,"status":400,"body":"{\n\t\n\t\"name\":JJ don,\n\t\"email\":dhdh2019@dd.com\n}","type":"entity.parse.failed","level":"error","timestamp":"2018-12-16T19:21:19.892Z"}
{"expose":true,"statusCode":400,"status":400,"body":"{\n\t\n\t\"name\":\"JJ don\",\n\t\"email\":\"dhdh2019@dd.com\",\n\t\n}","type":"entity.parse.failed","level":"error","timestamp":"2018-12-16T19:23:04.016Z"}
{"code":11000,"index":0,"errmsg":"E11000 duplicate key error collection: vidly.users index: email_1 dup key: { : \"dhdh2019@dd.com\" }","op":{"_id":"5c16a6f3a3cb6410069826ad","name":"JJ don","email":"dhdh2019@dd.com","password":"$2a$10$UHYPGe/Q2dvhb3RRFy1hB.X5jbaWqJ.T8eqDDYvb0xfh8IlIPyMKG","__v":0}}
{"code":11000,"index":0,"errmsg":"E11000 duplicate key error collection: vidly.users index: email_1 dup key: { : \"jj@gmail.com\" }","op":{"_id":"5c16acd1a3cb6410069826af","name":"Jayant","email":"jj@gmail.com","password":"$2a$10$SOIsU6lr2AtdrM4ZP1uVrueNvuX0LMDHOlML3mlvCZ03VtLSNRb/i","__v":0}}
{"level":"info","message":"MongoDB connected ...","timestamp":"2018-12-16T20:47:28.754Z"}
{"level":"info","message":"Listening on PORT : 3000","timestamp":"2018-12-16T20:47:29.083Z"}
{"level":"info","message":"MongoDB connected ...","timestamp":"2018-12-16T20:47:40.068Z"}
{"level":"info","message":"Listening on PORT : 3000","timestamp":"2018-12-16T20:47:40.108Z"}
{"code":11000,"index":0,"errmsg":"E11000 duplicate key error collection: vidly.users index: email_1 dup key: { : \"jj123@gmail.com\" }","op":{"_id":"5c16bc389becec43b3207655","name":"Jayant","email":"jj123@gmail.com","password":"$2a$10$c2NZIZpmQm38sgJIudfhdOyFXkM4R7avdhD3mG5sV8OBLdlHizhjK","__v":0}}
{"code":11000,"index":0,"errmsg":"E11000 duplicate key error collection: vidly.users index: email_1 dup key: { : \"jj123@gmail.com\" }","op":{"_id":"5c16bc529becec43b3207657","name":"Jayant","email":"jj123@gmail.com","password":"$2a$10$mygzAGBTGIRubPLGryuXtO9YEF0GR.u4G17Sb42oCO4Q/Phh9Xnde","__v":0}}
